[debug] [2023-04-18T16:13:13.167Z] ----------------------------------------------------------------------
[debug] [2023-04-18T16:13:13.169Z] Command:       /Users/msolomon/.nvm/versions/node/v18.8.0/bin/node /Users/msolomon/.nvm/versions/node/v18.8.0/bin/firebase deploy --only functions
[debug] [2023-04-18T16:13:13.170Z] CLI Version:   11.27.0
[debug] [2023-04-18T16:13:13.170Z] Platform:      darwin
[debug] [2023-04-18T16:13:13.170Z] Node Version:  v18.8.0
[debug] [2023-04-18T16:13:13.171Z] Time:          Tue Apr 18 2023 12:13:13 GMT-0400 (Eastern Daylight Time)
[debug] [2023-04-18T16:13:13.172Z] ----------------------------------------------------------------------
[debug] 
[debug] [2023-04-18T16:13:13.248Z] > command requires scopes: ["email","openid","https://www.googleapis.com/auth/cloudplatformprojects.readonly","https://www.googleapis.com/auth/firebase","https://www.googleapis.com/auth/cloud-platform"]
[debug] [2023-04-18T16:13:13.249Z] > authorizing via signed-in user (mykcryptodev@gmail.com)
[debug] [2023-04-18T16:13:13.249Z] [iam] checking project pawth-moralis for permissions ["cloudfunctions.functions.create","cloudfunctions.functions.delete","cloudfunctions.functions.get","cloudfunctions.functions.list","cloudfunctions.functions.update","cloudfunctions.operations.get","firebase.projects.get"]
[debug] [2023-04-18T16:13:13.252Z] >>> [apiv2][query] POST https://cloudresourcemanager.googleapis.com/v1/projects/pawth-moralis:testIamPermissions [none]
[debug] [2023-04-18T16:13:13.252Z] >>> [apiv2][(partial)header] POST https://cloudresourcemanager.googleapis.com/v1/projects/pawth-moralis:testIamPermissions x-goog-quota-user=projects/pawth-moralis
[debug] [2023-04-18T16:13:13.252Z] >>> [apiv2][body] POST https://cloudresourcemanager.googleapis.com/v1/projects/pawth-moralis:testIamPermissions {"permissions":["cloudfunctions.functions.create","cloudfunctions.functions.delete","cloudfunctions.functions.get","cloudfunctions.functions.list","cloudfunctions.functions.update","cloudfunctions.operations.get","firebase.projects.get"]}
[debug] [2023-04-18T16:13:13.846Z] <<< [apiv2][status] POST https://cloudresourcemanager.googleapis.com/v1/projects/pawth-moralis:testIamPermissions 200
[debug] [2023-04-18T16:13:13.847Z] <<< [apiv2][body] POST https://cloudresourcemanager.googleapis.com/v1/projects/pawth-moralis:testIamPermissions {"permissions":["cloudfunctions.functions.create","cloudfunctions.functions.delete","cloudfunctions.functions.get","cloudfunctions.functions.list","cloudfunctions.functions.update","cloudfunctions.operations.get","firebase.projects.get"]}
[debug] [2023-04-18T16:13:13.847Z] >>> [apiv2][query] POST https://iam.googleapis.com/v1/projects/pawth-moralis/serviceAccounts/pawth-moralis@appspot.gserviceaccount.com:testIamPermissions [none]
[debug] [2023-04-18T16:13:13.847Z] >>> [apiv2][body] POST https://iam.googleapis.com/v1/projects/pawth-moralis/serviceAccounts/pawth-moralis@appspot.gserviceaccount.com:testIamPermissions {"permissions":["iam.serviceAccounts.actAs"]}
[debug] [2023-04-18T16:13:14.002Z] <<< [apiv2][status] POST https://iam.googleapis.com/v1/projects/pawth-moralis/serviceAccounts/pawth-moralis@appspot.gserviceaccount.com:testIamPermissions 200
[debug] [2023-04-18T16:13:14.002Z] <<< [apiv2][body] POST https://iam.googleapis.com/v1/projects/pawth-moralis/serviceAccounts/pawth-moralis@appspot.gserviceaccount.com:testIamPermissions {"permissions":["iam.serviceAccounts.actAs"]}
[info] 
[info] === Deploying to 'pawth-moralis'...
[info] 
[info] i  deploying functions 
[info] Running command: npm --prefix "$RESOURCE_DIR" run lint
