[debug] [2023-04-18T15:41:30.209Z] ----------------------------------------------------------------------
[debug] [2023-04-18T15:41:30.211Z] Command:       /Users/msolomon/.nvm/versions/node/v18.8.0/bin/node /Users/msolomon/.nvm/versions/node/v18.8.0/bin/firebase deploy --only functions
[debug] [2023-04-18T15:41:30.212Z] CLI Version:   11.27.0
[debug] [2023-04-18T15:41:30.212Z] Platform:      darwin
[debug] [2023-04-18T15:41:30.212Z] Node Version:  v18.8.0
[debug] [2023-04-18T15:41:30.213Z] Time:          Tue Apr 18 2023 11:41:30 GMT-0400 (Eastern Daylight Time)
[debug] [2023-04-18T15:41:30.214Z] ----------------------------------------------------------------------
[debug] 
[debug] [2023-04-18T15:41:30.286Z] > command requires scopes: ["email","openid","https://www.googleapis.com/auth/cloudplatformprojects.readonly","https://www.googleapis.com/auth/firebase","https://www.googleapis.com/auth/cloud-platform"]
[debug] [2023-04-18T15:41:30.287Z] > authorizing via signed-in user (mykcryptodev@gmail.com)
[debug] [2023-04-18T15:41:30.287Z] [iam] checking project pawth-moralis for permissions ["cloudfunctions.functions.create","cloudfunctions.functions.delete","cloudfunctions.functions.get","cloudfunctions.functions.list","cloudfunctions.functions.update","cloudfunctions.operations.get","firebase.projects.get"]
[debug] [2023-04-18T15:41:30.289Z] >>> [apiv2][query] POST https://cloudresourcemanager.googleapis.com/v1/projects/pawth-moralis:testIamPermissions [none]
[debug] [2023-04-18T15:41:30.289Z] >>> [apiv2][(partial)header] POST https://cloudresourcemanager.googleapis.com/v1/projects/pawth-moralis:testIamPermissions x-goog-quota-user=projects/pawth-moralis
[debug] [2023-04-18T15:41:30.290Z] >>> [apiv2][body] POST https://cloudresourcemanager.googleapis.com/v1/projects/pawth-moralis:testIamPermissions {"permissions":["cloudfunctions.functions.create","cloudfunctions.functions.delete","cloudfunctions.functions.get","cloudfunctions.functions.list","cloudfunctions.functions.update","cloudfunctions.operations.get","firebase.projects.get"]}
[debug] [2023-04-18T15:41:30.648Z] <<< [apiv2][status] POST https://cloudresourcemanager.googleapis.com/v1/projects/pawth-moralis:testIamPermissions 200
[debug] [2023-04-18T15:41:30.648Z] <<< [apiv2][body] POST https://cloudresourcemanager.googleapis.com/v1/projects/pawth-moralis:testIamPermissions {"permissions":["cloudfunctions.functions.create","cloudfunctions.functions.delete","cloudfunctions.functions.get","cloudfunctions.functions.list","cloudfunctions.functions.update","cloudfunctions.operations.get","firebase.projects.get"]}
[debug] [2023-04-18T15:41:30.649Z] >>> [apiv2][query] POST https://iam.googleapis.com/v1/projects/pawth-moralis/serviceAccounts/pawth-moralis@appspot.gserviceaccount.com:testIamPermissions [none]
[debug] [2023-04-18T15:41:30.649Z] >>> [apiv2][body] POST https://iam.googleapis.com/v1/projects/pawth-moralis/serviceAccounts/pawth-moralis@appspot.gserviceaccount.com:testIamPermissions {"permissions":["iam.serviceAccounts.actAs"]}
[debug] [2023-04-18T15:41:30.800Z] <<< [apiv2][status] POST https://iam.googleapis.com/v1/projects/pawth-moralis/serviceAccounts/pawth-moralis@appspot.gserviceaccount.com:testIamPermissions 200
[debug] [2023-04-18T15:41:30.800Z] <<< [apiv2][body] POST https://iam.googleapis.com/v1/projects/pawth-moralis/serviceAccounts/pawth-moralis@appspot.gserviceaccount.com:testIamPermissions {"permissions":["iam.serviceAccounts.actAs"]}
[info] 
[info] === Deploying to 'pawth-moralis'...
[info] 
[info] i  deploying functions 
[info] Running command: npm --prefix "$RESOURCE_DIR" run lint
[info] Running command: npm --prefix "$RESOURCE_DIR" run build
[info] ✔  functions: Finished running predeploy script. 
[debug] [2023-04-18T15:41:42.806Z] >>> [apiv2][query] GET https://firebase.googleapis.com/v1beta1/projects/pawth-moralis [none]
[debug] [2023-04-18T15:41:43.094Z] <<< [apiv2][status] GET https://firebase.googleapis.com/v1beta1/projects/pawth-moralis 200
[debug] [2023-04-18T15:41:43.094Z] <<< [apiv2][body] GET https://firebase.googleapis.com/v1beta1/projects/pawth-moralis {"projectId":"pawth-moralis","projectNumber":"780164683803","displayName":"Pawth Moralis","name":"projects/pawth-moralis","resources":{"hostingSite":"pawth-moralis"},"state":"ACTIVE","etag":"1_cf4cee29-fdea-4941-add8-fde53cfa0cb6"}
[info] i  functions: preparing codebase default for deployment 
[info] i  functions: ensuring required API cloudfunctions.googleapis.com is enabled... 
[info] i  functions: ensuring required API cloudbuild.googleapis.com is enabled... 
[info] i  artifactregistry: ensuring required API artifactregistry.googleapis.com is enabled... 
[debug] [2023-04-18T15:41:43.097Z] >>> [apiv2][query] GET https://serviceusage.googleapis.com/v1/projects/pawth-moralis/services/cloudfunctions.googleapis.com [none]
[debug] [2023-04-18T15:41:43.097Z] >>> [apiv2][(partial)header] GET https://serviceusage.googleapis.com/v1/projects/pawth-moralis/services/cloudfunctions.googleapis.com x-goog-quota-user=projects/pawth-moralis
[debug] [2023-04-18T15:41:43.098Z] >>> [apiv2][query] GET https://serviceusage.googleapis.com/v1/projects/pawth-moralis/services/runtimeconfig.googleapis.com [none]
[debug] [2023-04-18T15:41:43.098Z] >>> [apiv2][(partial)header] GET https://serviceusage.googleapis.com/v1/projects/pawth-moralis/services/runtimeconfig.googleapis.com x-goog-quota-user=projects/pawth-moralis
[debug] [2023-04-18T15:41:43.099Z] >>> [apiv2][query] GET https://serviceusage.googleapis.com/v1/projects/pawth-moralis/services/cloudbuild.googleapis.com [none]
[debug] [2023-04-18T15:41:43.100Z] >>> [apiv2][(partial)header] GET https://serviceusage.googleapis.com/v1/projects/pawth-moralis/services/cloudbuild.googleapis.com x-goog-quota-user=projects/pawth-moralis
[debug] [2023-04-18T15:41:43.101Z] >>> [apiv2][query] GET https://serviceusage.googleapis.com/v1/projects/pawth-moralis/services/artifactregistry.googleapis.com [none]
[debug] [2023-04-18T15:41:43.101Z] >>> [apiv2][(partial)header] GET https://serviceusage.googleapis.com/v1/projects/pawth-moralis/services/artifactregistry.googleapis.com x-goog-quota-user=projects/pawth-moralis
[debug] [2023-04-18T15:41:43.471Z] <<< [apiv2][status] GET https://serviceusage.googleapis.com/v1/projects/pawth-moralis/services/artifactregistry.googleapis.com 200
[debug] [2023-04-18T15:41:43.471Z] <<< [apiv2][body] GET https://serviceusage.googleapis.com/v1/projects/pawth-moralis/services/artifactregistry.googleapis.com [omitted]
[info] ✔  artifactregistry: required API artifactregistry.googleapis.com is enabled 
[debug] [2023-04-18T15:41:43.473Z] <<< [apiv2][status] GET https://serviceusage.googleapis.com/v1/projects/pawth-moralis/services/cloudbuild.googleapis.com 200
[debug] [2023-04-18T15:41:43.474Z] <<< [apiv2][body] GET https://serviceusage.googleapis.com/v1/projects/pawth-moralis/services/cloudbuild.googleapis.com [omitted]
[info] ✔  functions: required API cloudbuild.googleapis.com is enabled 
[debug] [2023-04-18T15:41:43.482Z] <<< [apiv2][status] GET https://serviceusage.googleapis.com/v1/projects/pawth-moralis/services/cloudfunctions.googleapis.com 200
[debug] [2023-04-18T15:41:43.482Z] <<< [apiv2][body] GET https://serviceusage.googleapis.com/v1/projects/pawth-moralis/services/cloudfunctions.googleapis.com [omitted]
[info] ✔  functions: required API cloudfunctions.googleapis.com is enabled 
[debug] [2023-04-18T15:41:43.499Z] <<< [apiv2][status] GET https://serviceusage.googleapis.com/v1/projects/pawth-moralis/services/runtimeconfig.googleapis.com 200
[debug] [2023-04-18T15:41:43.499Z] <<< [apiv2][body] GET https://serviceusage.googleapis.com/v1/projects/pawth-moralis/services/runtimeconfig.googleapis.com [omitted]
[debug] [2023-04-18T15:41:43.499Z] >>> [apiv2][query] GET https://firebase.googleapis.com/v1beta1/projects/pawth-moralis/adminSdkConfig [none]
[debug] [2023-04-18T15:41:43.782Z] <<< [apiv2][status] GET https://firebase.googleapis.com/v1beta1/projects/pawth-moralis/adminSdkConfig 200
[debug] [2023-04-18T15:41:43.782Z] <<< [apiv2][body] GET https://firebase.googleapis.com/v1beta1/projects/pawth-moralis/adminSdkConfig {"projectId":"pawth-moralis","storageBucket":"pawth-moralis.appspot.com"}
[debug] [2023-04-18T15:41:43.783Z] >>> [apiv2][query] GET https://runtimeconfig.googleapis.com/v1beta1/projects/pawth-moralis/configs [none]
[debug] [2023-04-18T15:41:44.040Z] <<< [apiv2][status] GET https://runtimeconfig.googleapis.com/v1beta1/projects/pawth-moralis/configs 200
[debug] [2023-04-18T15:41:44.040Z] <<< [apiv2][body] GET https://runtimeconfig.googleapis.com/v1beta1/projects/pawth-moralis/configs {}
[debug] [2023-04-18T15:41:44.042Z] Validating nodejs source
[debug] [2023-04-18T15:41:44.692Z] > [functions] package.json contents: {
  "name": "functions",
  "scripts": {
    "lint": "eslint --ext .js,.ts .",
    "build": "tsc",
    "build:watch": "tsc --watch",
    "serve": "npm run build && firebase emulators:start --only functions",
    "shell": "npm run build && firebase functions:shell",
    "start": "npm run shell",
    "deploy": "firebase deploy --only functions",
    "logs": "firebase functions:log"
  },
  "engines": {
    "node": "16"
  },
  "main": "lib/index.js",
  "dependencies": {
    "axios": "^1.3.5",
    "firebase-admin": "^11.5.0",
    "firebase-functions": "^4.2.0"
  },
  "devDependencies": {
    "@typescript-eslint/eslint-plugin": "^5.12.0",
    "@typescript-eslint/parser": "^5.12.0",
    "eslint": "^8.9.0",
    "eslint-config-google": "^0.14.0",
    "eslint-plugin-import": "^2.25.4",
    "firebase-functions-test": "^3.0.0",
    "typescript": "^4.9.0"
  },
  "private": true
}
[debug] [2023-04-18T15:41:44.693Z] Building nodejs source
[debug] [2023-04-18T15:41:44.695Z] Could not find functions.yaml. Must use http discovery
[debug] [2023-04-18T15:41:44.706Z] Found firebase-functions binary at '/Users/msolomon/Projects/telegram-bot/functions/node_modules/.bin/firebase-functions'
[debug] [2023-04-18T15:41:44.942Z] Serving at port 8596

[debug] [2023-04-18T15:41:45.274Z] Got response from /__/functions.yaml {"endpoints":{"broadcastBuys":{"platform":"gcfv1","availableMemoryMb":null,"timeoutSeconds":null,"minInstances":null,"maxInstances":null,"ingressSettings":null,"serviceAccountEmail":null,"vpc":null,"eventTrigger":{"eventType":"providers/cloud.firestore/eventTypes/document.update","eventFilters":{"resource":"projects/pawth-moralis/databases/(default)/documents/moralis/events/TelegramBot/{docId}"},"retry":false},"labels":{},"entryPoint":"broadcastBuys"}},"specVersion":"v1alpha1","requiredAPIs":[]}
[debug] [2023-04-18T15:41:45.280Z] shutdown requested via /__/quitquitquit

[info] i  functions: preparing functions directory for uploading... 
[info] i  functions: packaged /Users/msolomon/Projects/telegram-bot/functions (106.23 KB) for uploading 
[debug] [2023-04-18T15:41:45.343Z] >>> [apiv2][query] GET https://cloudfunctions.googleapis.com/v1/projects/pawth-moralis/locations/-/functions [none]
[debug] [2023-04-18T15:41:45.788Z] <<< [apiv2][status] GET https://cloudfunctions.googleapis.com/v1/projects/pawth-moralis/locations/-/functions 200
[debug] [2023-04-18T15:41:45.788Z] <<< [apiv2][body] GET https://cloudfunctions.googleapis.com/v1/projects/pawth-moralis/locations/-/functions {"functions":[{"name":"projects/pawth-moralis/locations/us-east1/functions/ext-moralis-streams-webhook","description":"The webhook for the Moralis Streams service.","sourceArchiveUrl":"gs://firebase-mod-sources-prod/e35caa87f4170e506257d8e8af4432823eeb9742684f0571ba78396b2523aae3","httpsTrigger":{"url":"https://us-east1-pawth-moralis.cloudfunctions.net/ext-moralis-streams-webhook","securityLevel":"SECURE_OPTIONAL"},"status":"ACTIVE","entryPoint":"webhook","timeout":"60s","availableMemoryMb":256,"serviceAccountEmail":"ext-moralis-streams@pawth-moralis.iam.gserviceaccount.com","updateTime":"2023-04-18T13:41:02.731Z","versionId":"2","labels":{"firebase-extensions-ar":"enabled","goog-dm":"firebase-ext-moralis-streams","goog-firebase-ext":"moralis-streams","deployment-tool":"firebase-extensions","goog-firebase-ext-iid":"moralis-streams"},"environmentVariables":{"DATABASE_INSTANCE":"","DATABASE_URL":"","EXT_INSTANCE_ID":"moralis-streams","FIREBASE_CONFIG":"{\"projectId\":\"pawth-moralis\",\"databaseURL\":\"\",\"storageBucket\":\"pawth-moralis.appspot.com\"}","GCLOUD_PROJECT":"pawth-moralis","LOCATION":"us-east1","PROJECT_ID":"pawth-moralis","STORAGE_BUCKET":"pawth-moralis.appspot.com"},"runtime":"nodejs14","maxInstances":3000,"ingressSettings":"ALLOW_ALL","buildId":"2597da97-c514-4a15-8b36-19c0b78cb6c1","secretEnvironmentVariables":[{"key":"MORALIS_API_KEY","projectId":"780164683803","secret":"moralis-streams-MORALIS_API_KEY","version":"2"}],"buildName":"projects/780164683803/locations/us-east1/builds/2597da97-c514-4a15-8b36-19c0b78cb6c1","dockerRegistry":"ARTIFACT_REGISTRY"}]}
[debug] [2023-04-18T15:41:45.789Z] >>> [apiv2][query] GET https://cloudfunctions.googleapis.com/v2/projects/pawth-moralis/locations/-/functions filter=environment%3D%22GEN_2%22
[debug] [2023-04-18T15:41:46.426Z] <<< [apiv2][status] GET https://cloudfunctions.googleapis.com/v2/projects/pawth-moralis/locations/-/functions 200
[debug] [2023-04-18T15:41:46.426Z] <<< [apiv2][body] GET https://cloudfunctions.googleapis.com/v2/projects/pawth-moralis/locations/-/functions {}
[debug] [2023-04-18T15:41:46.434Z] >>> [apiv2][query] GET https://firebase.googleapis.com/v1beta1/projects/pawth-moralis [none]
[debug] [2023-04-18T15:41:46.711Z] <<< [apiv2][status] GET https://firebase.googleapis.com/v1beta1/projects/pawth-moralis 200
[debug] [2023-04-18T15:41:46.711Z] <<< [apiv2][body] GET https://firebase.googleapis.com/v1beta1/projects/pawth-moralis {"projectId":"pawth-moralis","projectNumber":"780164683803","displayName":"Pawth Moralis","name":"projects/pawth-moralis","resources":{"hostingSite":"pawth-moralis"},"state":"ACTIVE","etag":"1_cf4cee29-fdea-4941-add8-fde53cfa0cb6"}
[debug] [2023-04-18T15:41:46.713Z] >>> [apiv2][query] POST https://cloudfunctions.googleapis.com/v1/projects/pawth-moralis/locations/us-central1/functions:generateUploadUrl [none]
[debug] [2023-04-18T15:41:46.713Z] >>> [apiv2][body] POST https://cloudfunctions.googleapis.com/v1/projects/pawth-moralis/locations/us-central1/functions:generateUploadUrl {}
[debug] [2023-04-18T15:41:47.212Z] <<< [apiv2][status] POST https://cloudfunctions.googleapis.com/v1/projects/pawth-moralis/locations/us-central1/functions:generateUploadUrl 200
[debug] [2023-04-18T15:41:47.212Z] <<< [apiv2][body] POST https://cloudfunctions.googleapis.com/v1/projects/pawth-moralis/locations/us-central1/functions:generateUploadUrl {"uploadUrl":"https://storage.googleapis.com/uploads-178802432237.us-central1.cloudfunctions.appspot.com/7d067fc9-1042-46c9-9561-bc94faefee3c.zip?GoogleAccessId=service-780164683803@gcf-admin-robot.iam.gserviceaccount.com&Expires=1681834307&Signature=DL93VGaVXC%2FTWRyAF5p6qzDUrqDdFQe1UXCLaQwlgIif1s8TqpiWEVx5zkv84qfHTvJaNHc1HtL7zJCnaiUOshhDa9U7Dgvj1ywvixAH28%2FwZQVAnxszbKNpnSiQgsyi6qGpQZ95cJNFyerArHphNmGjOopfK8Pdal10PQGU8QQ6JLYwfMnkM%2Fd0qU5adO%2BLol0cGNvC%2BmKrFYJNgqLV%2B0XTS4%2BGIKuryIjUwpUGdbQD920KtWFvzelBfw2XG6O2fbcEaaxjS8%2FALi%2FwHhyo8fpTssYTtth1c9HpLseEzqD6Up45OkbcJoAteXW0djB4BAFeww2tBWj6BBitpdkgiQ%3D%3D"}
[debug] [2023-04-18T15:41:47.212Z] >>> [apiv2][query] PUT https://storage.googleapis.com/uploads-178802432237.us-central1.cloudfunctions.appspot.com/7d067fc9-1042-46c9-9561-bc94faefee3c.zip GoogleAccessId=service-780164683803%40gcf-admin-robot.iam.gserviceaccount.com&Expires=1681834307&Signature=DL93VGaVXC%2FTWRyAF5p6qzDUrqDdFQe1UXCLaQwlgIif1s8TqpiWEVx5zkv84qfHTvJaNHc1HtL7zJCnaiUOshhDa9U7Dgvj1ywvixAH28%2FwZQVAnxszbKNpnSiQgsyi6qGpQZ95cJNFyerArHphNmGjOopfK8Pdal10PQGU8QQ6JLYwfMnkM%2Fd0qU5adO%2BLol0cGNvC%2BmKrFYJNgqLV%2B0XTS4%2BGIKuryIjUwpUGdbQD920KtWFvzelBfw2XG6O2fbcEaaxjS8%2FALi%2FwHhyo8fpTssYTtth1c9HpLseEzqD6Up45OkbcJoAteXW0djB4BAFeww2tBWj6BBitpdkgiQ%3D%3D
[debug] [2023-04-18T15:41:47.213Z] >>> [apiv2][body] PUT https://storage.googleapis.com/uploads-178802432237.us-central1.cloudfunctions.appspot.com/7d067fc9-1042-46c9-9561-bc94faefee3c.zip [stream]
[debug] [2023-04-18T15:41:47.522Z] <<< [apiv2][status] PUT https://storage.googleapis.com/uploads-178802432237.us-central1.cloudfunctions.appspot.com/7d067fc9-1042-46c9-9561-bc94faefee3c.zip 200
[debug] [2023-04-18T15:41:47.522Z] <<< [apiv2][body] PUT https://storage.googleapis.com/uploads-178802432237.us-central1.cloudfunctions.appspot.com/7d067fc9-1042-46c9-9561-bc94faefee3c.zip [omitted]
[info] ✔  functions: functions folder uploaded successfully 
[info] i  functions: creating Node.js 16 function broadcastBuys(us-central1)... 
[debug] [2023-04-18T15:41:47.526Z] >>> [apiv2][query] POST https://cloudfunctions.googleapis.com/v1/projects/pawth-moralis/locations/us-central1/functions [none]
[debug] [2023-04-18T15:41:47.526Z] >>> [apiv2][body] POST https://cloudfunctions.googleapis.com/v1/projects/pawth-moralis/locations/us-central1/functions {"name":"projects/pawth-moralis/locations/us-central1/functions/broadcastBuys","sourceUploadUrl":"https://storage.googleapis.com/uploads-178802432237.us-central1.cloudfunctions.appspot.com/7d067fc9-1042-46c9-9561-bc94faefee3c.zip?GoogleAccessId=service-780164683803@gcf-admin-robot.iam.gserviceaccount.com&Expires=1681834307&Signature=DL93VGaVXC%2FTWRyAF5p6qzDUrqDdFQe1UXCLaQwlgIif1s8TqpiWEVx5zkv84qfHTvJaNHc1HtL7zJCnaiUOshhDa9U7Dgvj1ywvixAH28%2FwZQVAnxszbKNpnSiQgsyi6qGpQZ95cJNFyerArHphNmGjOopfK8Pdal10PQGU8QQ6JLYwfMnkM%2Fd0qU5adO%2BLol0cGNvC%2BmKrFYJNgqLV%2B0XTS4%2BGIKuryIjUwpUGdbQD920KtWFvzelBfw2XG6O2fbcEaaxjS8%2FALi%2FwHhyo8fpTssYTtth1c9HpLseEzqD6Up45OkbcJoAteXW0djB4BAFeww2tBWj6BBitpdkgiQ%3D%3D","entryPoint":"broadcastBuys","runtime":"nodejs16","dockerRegistry":"ARTIFACT_REGISTRY","labels":{"deployment-tool":"cli-firebase","firebase-functions-hash":"2cb5113271450b7d2ac91ce352c7c9026e6b01e6"},"eventTrigger":{"eventType":"providers/cloud.firestore/eventTypes/document.update","resource":"projects/pawth-moralis/databases/(default)/documents/moralis/events/TelegramBot/{docId}"},"minInstances":null,"maxInstances":null,"ingressSettings":null,"environmentVariables":{"FIREBASE_CONFIG":"{\"projectId\":\"pawth-moralis\",\"storageBucket\":\"pawth-moralis.appspot.com\"}","GCLOUD_PROJECT":"pawth-moralis","EVENTARC_CLOUD_EVENT_SOURCE":"projects/pawth-moralis/locations/us-central1/functions/broadcastBuys"},"serviceAccountEmail":null,"availableMemoryMb":null,"timeout":null,"vpcConnector":null,"vpcConnectorEgressSettings":null,"buildEnvironmentVariables":{"GOOGLE_NODE_RUN_SCRIPTS":""}}
[debug] [2023-04-18T15:41:48.032Z] <<< [apiv2][status] POST https://cloudfunctions.googleapis.com/v1/projects/pawth-moralis/locations/us-central1/functions 200
[debug] [2023-04-18T15:41:48.032Z] <<< [apiv2][body] POST https://cloudfunctions.googleapis.com/v1/projects/pawth-moralis/locations/us-central1/functions {"name":"operations/cGF3dGgtbW9yYWxpcy91cy1jZW50cmFsMS9icm9hZGNhc3RCdXlzL25SaDg2WUVRN09B","metadata":{"@type":"type.googleapis.com/google.cloud.functions.v1.OperationMetadataV1","target":"projects/pawth-moralis/locations/us-central1/functions/broadcastBuys","type":"CREATE_FUNCTION","request":{"@type":"type.googleapis.com/google.cloud.functions.v1.CloudFunction","name":"projects/pawth-moralis/locations/us-central1/functions/broadcastBuys","eventTrigger":{"eventType":"providers/cloud.firestore/eventTypes/document.update","resource":"projects/pawth-moralis/databases/(default)/documents/moralis/events/TelegramBot/{docId}"},"entryPoint":"broadcastBuys","labels":{"deployment-tool":"cli-firebase","firebase-functions-hash":"2cb5113271450b7d2ac91ce352c7c9026e6b01e6"},"sourceUploadUrl":"https://storage.googleapis.com/uploads-178802432237.us-central1.cloudfunctions.appspot.com/7d067fc9-1042-46c9-9561-bc94faefee3c.zip?GoogleAccessId=service-780164683803@gcf-admin-robot.iam.gserviceaccount.com&Expires=1681834307&Signature=DL93VGaVXC%2FTWRyAF5p6qzDUrqDdFQe1UXCLaQwlgIif1s8TqpiWEVx5zkv84qfHTvJaNHc1HtL7zJCnaiUOshhDa9U7Dgvj1ywvixAH28%2FwZQVAnxszbKNpnSiQgsyi6qGpQZ95cJNFyerArHphNmGjOopfK8Pdal10PQGU8QQ6JLYwfMnkM%2Fd0qU5adO%2BLol0cGNvC%2BmKrFYJNgqLV%2B0XTS4%2BGIKuryIjUwpUGdbQD920KtWFvzelBfw2XG6O2fbcEaaxjS8%2FALi%2FwHhyo8fpTssYTtth1c9HpLseEzqD6Up45OkbcJoAteXW0djB4BAFeww2tBWj6BBitpdkgiQ%3D%3D","environmentVariables":{"FIREBASE_CONFIG":"{\"projectId\":\"pawth-moralis\",\"storageBucket\":\"pawth-moralis.appspot.com\"}","GCLOUD_PROJECT":"pawth-moralis","EVENTARC_CLOUD_EVENT_SOURCE":"projects/pawth-moralis/locations/us-central1/functions/broadcastBuys"},"runtime":"nodejs16","buildEnvironmentVariables":{"GOOGLE_NODE_RUN_SCRIPTS":""},"dockerRegistry":"ARTIFACT_REGISTRY"},"versionId":"1","updateTime":"2023-04-18T15:41:48Z"}}
[debug] [2023-04-18T15:41:48.033Z] >>> [apiv2][query] GET https://cloudfunctions.googleapis.com/v1/operations/cGF3dGgtbW9yYWxpcy91cy1jZW50cmFsMS9icm9hZGNhc3RCdXlzL25SaDg2WUVRN09B [none]
[debug] [2023-04-18T15:41:48.235Z] <<< [apiv2][status] GET https://cloudfunctions.googleapis.com/v1/operations/cGF3dGgtbW9yYWxpcy91cy1jZW50cmFsMS9icm9hZGNhc3RCdXlzL25SaDg2WUVRN09B 200
[debug] [2023-04-18T15:41:48.235Z] <<< [apiv2][body] GET https://cloudfunctions.googleapis.com/v1/operations/cGF3dGgtbW9yYWxpcy91cy1jZW50cmFsMS9icm9hZGNhc3RCdXlzL25SaDg2WUVRN09B {"name":"operations/cGF3dGgtbW9yYWxpcy91cy1jZW50cmFsMS9icm9hZGNhc3RCdXlzL25SaDg2WUVRN09B","metadata":{"@type":"type.googleapis.com/google.cloud.functions.v1.OperationMetadataV1","target":"projects/pawth-moralis/locations/us-central1/functions/broadcastBuys","type":"CREATE_FUNCTION","request":{"@type":"type.googleapis.com/google.cloud.functions.v1.CloudFunction","name":"projects/pawth-moralis/locations/us-central1/functions/broadcastBuys","eventTrigger":{"eventType":"providers/cloud.firestore/eventTypes/document.update","resource":"projects/pawth-moralis/databases/(default)/documents/moralis/events/TelegramBot/{docId}"},"entryPoint":"broadcastBuys","labels":{"deployment-tool":"cli-firebase","firebase-functions-hash":"2cb5113271450b7d2ac91ce352c7c9026e6b01e6"},"sourceUploadUrl":"https://storage.googleapis.com/uploads-178802432237.us-central1.cloudfunctions.appspot.com/7d067fc9-1042-46c9-9561-bc94faefee3c.zip?GoogleAccessId=service-780164683803@gcf-admin-robot.iam.gserviceaccount.com&Expires=1681834307&Signature=DL93VGaVXC%2FTWRyAF5p6qzDUrqDdFQe1UXCLaQwlgIif1s8TqpiWEVx5zkv84qfHTvJaNHc1HtL7zJCnaiUOshhDa9U7Dgvj1ywvixAH28%2FwZQVAnxszbKNpnSiQgsyi6qGpQZ95cJNFyerArHphNmGjOopfK8Pdal10PQGU8QQ6JLYwfMnkM%2Fd0qU5adO%2BLol0cGNvC%2BmKrFYJNgqLV%2B0XTS4%2BGIKuryIjUwpUGdbQD920KtWFvzelBfw2XG6O2fbcEaaxjS8%2FALi%2FwHhyo8fpTssYTtth1c9HpLseEzqD6Up45OkbcJoAteXW0djB4BAFeww2tBWj6BBitpdkgiQ%3D%3D","environmentVariables":{"FIREBASE_CONFIG":"{\"projectId\":\"pawth-moralis\",\"storageBucket\":\"pawth-moralis.appspot.com\"}","GCLOUD_PROJECT":"pawth-moralis","EVENTARC_CLOUD_EVENT_SOURCE":"projects/pawth-moralis/locations/us-central1/functions/broadcastBuys"},"runtime":"nodejs16","buildEnvironmentVariables":{"GOOGLE_NODE_RUN_SCRIPTS":""},"dockerRegistry":"ARTIFACT_REGISTRY"},"versionId":"1","updateTime":"2023-04-18T15:41:48Z"}}
[debug] [2023-04-18T15:41:48.737Z] [create-default-us-central1-broadcastBuys] Retrying task index 0
[debug] [2023-04-18T15:41:48.737Z] >>> [apiv2][query] GET https://cloudfunctions.googleapis.com/v1/operations/cGF3dGgtbW9yYWxpcy91cy1jZW50cmFsMS9icm9hZGNhc3RCdXlzL25SaDg2WUVRN09B [none]
[debug] [2023-04-18T15:41:48.933Z] <<< [apiv2][status] GET https://cloudfunctions.googleapis.com/v1/operations/cGF3dGgtbW9yYWxpcy91cy1jZW50cmFsMS9icm9hZGNhc3RCdXlzL25SaDg2WUVRN09B 200
[debug] [2023-04-18T15:41:48.933Z] <<< [apiv2][body] GET https://cloudfunctions.googleapis.com/v1/operations/cGF3dGgtbW9yYWxpcy91cy1jZW50cmFsMS9icm9hZGNhc3RCdXlzL25SaDg2WUVRN09B {"name":"operations/cGF3dGgtbW9yYWxpcy91cy1jZW50cmFsMS9icm9hZGNhc3RCdXlzL25SaDg2WUVRN09B","metadata":{"@type":"type.googleapis.com/google.cloud.functions.v1.OperationMetadataV1","target":"projects/pawth-moralis/locations/us-central1/functions/broadcastBuys","type":"CREATE_FUNCTION","request":{"@type":"type.googleapis.com/google.cloud.functions.v1.CloudFunction","name":"projects/pawth-moralis/locations/us-central1/functions/broadcastBuys","eventTrigger":{"eventType":"providers/cloud.firestore/eventTypes/document.update","resource":"projects/pawth-moralis/databases/(default)/documents/moralis/events/TelegramBot/{docId}"},"entryPoint":"broadcastBuys","labels":{"deployment-tool":"cli-firebase","firebase-functions-hash":"2cb5113271450b7d2ac91ce352c7c9026e6b01e6"},"sourceUploadUrl":"https://storage.googleapis.com/uploads-178802432237.us-central1.cloudfunctions.appspot.com/7d067fc9-1042-46c9-9561-bc94faefee3c.zip?GoogleAccessId=service-780164683803@gcf-admin-robot.iam.gserviceaccount.com&Expires=1681834307&Signature=DL93VGaVXC%2FTWRyAF5p6qzDUrqDdFQe1UXCLaQwlgIif1s8TqpiWEVx5zkv84qfHTvJaNHc1HtL7zJCnaiUOshhDa9U7Dgvj1ywvixAH28%2FwZQVAnxszbKNpnSiQgsyi6qGpQZ95cJNFyerArHphNmGjOopfK8Pdal10PQGU8QQ6JLYwfMnkM%2Fd0qU5adO%2BLol0cGNvC%2BmKrFYJNgqLV%2B0XTS4%2BGIKuryIjUwpUGdbQD920KtWFvzelBfw2XG6O2fbcEaaxjS8%2FALi%2FwHhyo8fpTssYTtth1c9HpLseEzqD6Up45OkbcJoAteXW0djB4BAFeww2tBWj6BBitpdkgiQ%3D%3D","environmentVariables":{"FIREBASE_CONFIG":"{\"projectId\":\"pawth-moralis\",\"storageBucket\":\"pawth-moralis.appspot.com\"}","GCLOUD_PROJECT":"pawth-moralis","EVENTARC_CLOUD_EVENT_SOURCE":"projects/pawth-moralis/locations/us-central1/functions/broadcastBuys"},"runtime":"nodejs16","buildEnvironmentVariables":{"GOOGLE_NODE_RUN_SCRIPTS":""},"dockerRegistry":"ARTIFACT_REGISTRY"},"versionId":"1","updateTime":"2023-04-18T15:41:48Z","buildId":"e8ded840-2330-4e63-9a95-cd3fb72c0aed","buildName":"projects/780164683803/locations/us-central1/builds/e8ded840-2330-4e63-9a95-cd3fb72c0aed"}}
[debug] [2023-04-18T15:41:49.934Z] [create-default-us-central1-broadcastBuys] Retrying task index 0
[debug] [2023-04-18T15:41:49.935Z] >>> [apiv2][query] GET https://cloudfunctions.googleapis.com/v1/operations/cGF3dGgtbW9yYWxpcy91cy1jZW50cmFsMS9icm9hZGNhc3RCdXlzL25SaDg2WUVRN09B [none]
[debug] [2023-04-18T15:41:50.133Z] <<< [apiv2][status] GET https://cloudfunctions.googleapis.com/v1/operations/cGF3dGgtbW9yYWxpcy91cy1jZW50cmFsMS9icm9hZGNhc3RCdXlzL25SaDg2WUVRN09B 200
[debug] [2023-04-18T15:41:50.133Z] <<< [apiv2][body] GET https://cloudfunctions.googleapis.com/v1/operations/cGF3dGgtbW9yYWxpcy91cy1jZW50cmFsMS9icm9hZGNhc3RCdXlzL25SaDg2WUVRN09B {"name":"operations/cGF3dGgtbW9yYWxpcy91cy1jZW50cmFsMS9icm9hZGNhc3RCdXlzL25SaDg2WUVRN09B","metadata":{"@type":"type.googleapis.com/google.cloud.functions.v1.OperationMetadataV1","target":"projects/pawth-moralis/locations/us-central1/functions/broadcastBuys","type":"CREATE_FUNCTION","request":{"@type":"type.googleapis.com/google.cloud.functions.v1.CloudFunction","name":"projects/pawth-moralis/locations/us-central1/functions/broadcastBuys","eventTrigger":{"eventType":"providers/cloud.firestore/eventTypes/document.update","resource":"projects/pawth-moralis/databases/(default)/documents/moralis/events/TelegramBot/{docId}"},"entryPoint":"broadcastBuys","labels":{"deployment-tool":"cli-firebase","firebase-functions-hash":"2cb5113271450b7d2ac91ce352c7c9026e6b01e6"},"sourceUploadUrl":"https://storage.googleapis.com/uploads-178802432237.us-central1.cloudfunctions.appspot.com/7d067fc9-1042-46c9-9561-bc94faefee3c.zip?GoogleAccessId=service-780164683803@gcf-admin-robot.iam.gserviceaccount.com&Expires=1681834307&Signature=DL93VGaVXC%2FTWRyAF5p6qzDUrqDdFQe1UXCLaQwlgIif1s8TqpiWEVx5zkv84qfHTvJaNHc1HtL7zJCnaiUOshhDa9U7Dgvj1ywvixAH28%2FwZQVAnxszbKNpnSiQgsyi6qGpQZ95cJNFyerArHphNmGjOopfK8Pdal10PQGU8QQ6JLYwfMnkM%2Fd0qU5adO%2BLol0cGNvC%2BmKrFYJNgqLV%2B0XTS4%2BGIKuryIjUwpUGdbQD920KtWFvzelBfw2XG6O2fbcEaaxjS8%2FALi%2FwHhyo8fpTssYTtth1c9HpLseEzqD6Up45OkbcJoAteXW0djB4BAFeww2tBWj6BBitpdkgiQ%3D%3D","environmentVariables":{"FIREBASE_CONFIG":"{\"projectId\":\"pawth-moralis\",\"storageBucket\":\"pawth-moralis.appspot.com\"}","GCLOUD_PROJECT":"pawth-moralis","EVENTARC_CLOUD_EVENT_SOURCE":"projects/pawth-moralis/locations/us-central1/functions/broadcastBuys"},"runtime":"nodejs16","buildEnvironmentVariables":{"GOOGLE_NODE_RUN_SCRIPTS":""},"dockerRegistry":"ARTIFACT_REGISTRY"},"versionId":"1","updateTime":"2023-04-18T15:41:48Z","buildId":"e8ded840-2330-4e63-9a95-cd3fb72c0aed","buildName":"projects/780164683803/locations/us-central1/builds/e8ded840-2330-4e63-9a95-cd3fb72c0aed"}}
[debug] [2023-04-18T15:41:52.134Z] [create-default-us-central1-broadcastBuys] Retrying task index 0
[debug] [2023-04-18T15:41:52.135Z] >>> [apiv2][query] GET https://cloudfunctions.googleapis.com/v1/operations/cGF3dGgtbW9yYWxpcy91cy1jZW50cmFsMS9icm9hZGNhc3RCdXlzL25SaDg2WUVRN09B [none]
[debug] [2023-04-18T15:41:52.319Z] <<< [apiv2][status] GET https://cloudfunctions.googleapis.com/v1/operations/cGF3dGgtbW9yYWxpcy91cy1jZW50cmFsMS9icm9hZGNhc3RCdXlzL25SaDg2WUVRN09B 200
[debug] [2023-04-18T15:41:52.319Z] <<< [apiv2][body] GET https://cloudfunctions.googleapis.com/v1/operations/cGF3dGgtbW9yYWxpcy91cy1jZW50cmFsMS9icm9hZGNhc3RCdXlzL25SaDg2WUVRN09B {"name":"operations/cGF3dGgtbW9yYWxpcy91cy1jZW50cmFsMS9icm9hZGNhc3RCdXlzL25SaDg2WUVRN09B","metadata":{"@type":"type.googleapis.com/google.cloud.functions.v1.OperationMetadataV1","target":"projects/pawth-moralis/locations/us-central1/functions/broadcastBuys","type":"CREATE_FUNCTION","request":{"@type":"type.googleapis.com/google.cloud.functions.v1.CloudFunction","name":"projects/pawth-moralis/locations/us-central1/functions/broadcastBuys","eventTrigger":{"eventType":"providers/cloud.firestore/eventTypes/document.update","resource":"projects/pawth-moralis/databases/(default)/documents/moralis/events/TelegramBot/{docId}"},"entryPoint":"broadcastBuys","labels":{"deployment-tool":"cli-firebase","firebase-functions-hash":"2cb5113271450b7d2ac91ce352c7c9026e6b01e6"},"sourceUploadUrl":"https://storage.googleapis.com/uploads-178802432237.us-central1.cloudfunctions.appspot.com/7d067fc9-1042-46c9-9561-bc94faefee3c.zip?GoogleAccessId=service-780164683803@gcf-admin-robot.iam.gserviceaccount.com&Expires=1681834307&Signature=DL93VGaVXC%2FTWRyAF5p6qzDUrqDdFQe1UXCLaQwlgIif1s8TqpiWEVx5zkv84qfHTvJaNHc1HtL7zJCnaiUOshhDa9U7Dgvj1ywvixAH28%2FwZQVAnxszbKNpnSiQgsyi6qGpQZ95cJNFyerArHphNmGjOopfK8Pdal10PQGU8QQ6JLYwfMnkM%2Fd0qU5adO%2BLol0cGNvC%2BmKrFYJNgqLV%2B0XTS4%2BGIKuryIjUwpUGdbQD920KtWFvzelBfw2XG6O2fbcEaaxjS8%2FALi%2FwHhyo8fpTssYTtth1c9HpLseEzqD6Up45OkbcJoAteXW0djB4BAFeww2tBWj6BBitpdkgiQ%3D%3D","environmentVariables":{"FIREBASE_CONFIG":"{\"projectId\":\"pawth-moralis\",\"storageBucket\":\"pawth-moralis.appspot.com\"}","GCLOUD_PROJECT":"pawth-moralis","EVENTARC_CLOUD_EVENT_SOURCE":"projects/pawth-moralis/locations/us-central1/functions/broadcastBuys"},"runtime":"nodejs16","buildEnvironmentVariables":{"GOOGLE_NODE_RUN_SCRIPTS":""},"dockerRegistry":"ARTIFACT_REGISTRY"},"versionId":"1","updateTime":"2023-04-18T15:41:48Z","buildId":"e8ded840-2330-4e63-9a95-cd3fb72c0aed","buildName":"projects/780164683803/locations/us-central1/builds/e8ded840-2330-4e63-9a95-cd3fb72c0aed"}}
[debug] [2023-04-18T15:41:56.320Z] [create-default-us-central1-broadcastBuys] Retrying task index 0
[debug] [2023-04-18T15:41:56.321Z] >>> [apiv2][query] GET https://cloudfunctions.googleapis.com/v1/operations/cGF3dGgtbW9yYWxpcy91cy1jZW50cmFsMS9icm9hZGNhc3RCdXlzL25SaDg2WUVRN09B [none]
[debug] [2023-04-18T15:41:56.502Z] <<< [apiv2][status] GET https://cloudfunctions.googleapis.com/v1/operations/cGF3dGgtbW9yYWxpcy91cy1jZW50cmFsMS9icm9hZGNhc3RCdXlzL25SaDg2WUVRN09B 200
[debug] [2023-04-18T15:41:56.503Z] <<< [apiv2][body] GET https://cloudfunctions.googleapis.com/v1/operations/cGF3dGgtbW9yYWxpcy91cy1jZW50cmFsMS9icm9hZGNhc3RCdXlzL25SaDg2WUVRN09B {"name":"operations/cGF3dGgtbW9yYWxpcy91cy1jZW50cmFsMS9icm9hZGNhc3RCdXlzL25SaDg2WUVRN09B","metadata":{"@type":"type.googleapis.com/google.cloud.functions.v1.OperationMetadataV1","target":"projects/pawth-moralis/locations/us-central1/functions/broadcastBuys","type":"CREATE_FUNCTION","request":{"@type":"type.googleapis.com/google.cloud.functions.v1.CloudFunction","name":"projects/pawth-moralis/locations/us-central1/functions/broadcastBuys","eventTrigger":{"eventType":"providers/cloud.firestore/eventTypes/document.update","resource":"projects/pawth-moralis/databases/(default)/documents/moralis/events/TelegramBot/{docId}"},"entryPoint":"broadcastBuys","labels":{"deployment-tool":"cli-firebase","firebase-functions-hash":"2cb5113271450b7d2ac91ce352c7c9026e6b01e6"},"sourceUploadUrl":"https://storage.googleapis.com/uploads-178802432237.us-central1.cloudfunctions.appspot.com/7d067fc9-1042-46c9-9561-bc94faefee3c.zip?GoogleAccessId=service-780164683803@gcf-admin-robot.iam.gserviceaccount.com&Expires=1681834307&Signature=DL93VGaVXC%2FTWRyAF5p6qzDUrqDdFQe1UXCLaQwlgIif1s8TqpiWEVx5zkv84qfHTvJaNHc1HtL7zJCnaiUOshhDa9U7Dgvj1ywvixAH28%2FwZQVAnxszbKNpnSiQgsyi6qGpQZ95cJNFyerArHphNmGjOopfK8Pdal10PQGU8QQ6JLYwfMnkM%2Fd0qU5adO%2BLol0cGNvC%2BmKrFYJNgqLV%2B0XTS4%2BGIKuryIjUwpUGdbQD920KtWFvzelBfw2XG6O2fbcEaaxjS8%2FALi%2FwHhyo8fpTssYTtth1c9HpLseEzqD6Up45OkbcJoAteXW0djB4BAFeww2tBWj6BBitpdkgiQ%3D%3D","environmentVariables":{"FIREBASE_CONFIG":"{\"projectId\":\"pawth-moralis\",\"storageBucket\":\"pawth-moralis.appspot.com\"}","GCLOUD_PROJECT":"pawth-moralis","EVENTARC_CLOUD_EVENT_SOURCE":"projects/pawth-moralis/locations/us-central1/functions/broadcastBuys"},"runtime":"nodejs16","buildEnvironmentVariables":{"GOOGLE_NODE_RUN_SCRIPTS":""},"dockerRegistry":"ARTIFACT_REGISTRY"},"versionId":"1","updateTime":"2023-04-18T15:41:48Z","buildId":"e8ded840-2330-4e63-9a95-cd3fb72c0aed","buildName":"projects/780164683803/locations/us-central1/builds/e8ded840-2330-4e63-9a95-cd3fb72c0aed"}}
[debug] [2023-04-18T15:42:04.504Z] [create-default-us-central1-broadcastBuys] Retrying task index 0
[debug] [2023-04-18T15:42:04.504Z] >>> [apiv2][query] GET https://cloudfunctions.googleapis.com/v1/operations/cGF3dGgtbW9yYWxpcy91cy1jZW50cmFsMS9icm9hZGNhc3RCdXlzL25SaDg2WUVRN09B [none]
[debug] [2023-04-18T15:42:04.657Z] <<< [apiv2][status] GET https://cloudfunctions.googleapis.com/v1/operations/cGF3dGgtbW9yYWxpcy91cy1jZW50cmFsMS9icm9hZGNhc3RCdXlzL25SaDg2WUVRN09B 200
[debug] [2023-04-18T15:42:04.657Z] <<< [apiv2][body] GET https://cloudfunctions.googleapis.com/v1/operations/cGF3dGgtbW9yYWxpcy91cy1jZW50cmFsMS9icm9hZGNhc3RCdXlzL25SaDg2WUVRN09B {"name":"operations/cGF3dGgtbW9yYWxpcy91cy1jZW50cmFsMS9icm9hZGNhc3RCdXlzL25SaDg2WUVRN09B","metadata":{"@type":"type.googleapis.com/google.cloud.functions.v1.OperationMetadataV1","target":"projects/pawth-moralis/locations/us-central1/functions/broadcastBuys","type":"CREATE_FUNCTION","request":{"@type":"type.googleapis.com/google.cloud.functions.v1.CloudFunction","name":"projects/pawth-moralis/locations/us-central1/functions/broadcastBuys","eventTrigger":{"eventType":"providers/cloud.firestore/eventTypes/document.update","resource":"projects/pawth-moralis/databases/(default)/documents/moralis/events/TelegramBot/{docId}"},"entryPoint":"broadcastBuys","labels":{"deployment-tool":"cli-firebase","firebase-functions-hash":"2cb5113271450b7d2ac91ce352c7c9026e6b01e6"},"sourceUploadUrl":"https://storage.googleapis.com/uploads-178802432237.us-central1.cloudfunctions.appspot.com/7d067fc9-1042-46c9-9561-bc94faefee3c.zip?GoogleAccessId=service-780164683803@gcf-admin-robot.iam.gserviceaccount.com&Expires=1681834307&Signature=DL93VGaVXC%2FTWRyAF5p6qzDUrqDdFQe1UXCLaQwlgIif1s8TqpiWEVx5zkv84qfHTvJaNHc1HtL7zJCnaiUOshhDa9U7Dgvj1ywvixAH28%2FwZQVAnxszbKNpnSiQgsyi6qGpQZ95cJNFyerArHphNmGjOopfK8Pdal10PQGU8QQ6JLYwfMnkM%2Fd0qU5adO%2BLol0cGNvC%2BmKrFYJNgqLV%2B0XTS4%2BGIKuryIjUwpUGdbQD920KtWFvzelBfw2XG6O2fbcEaaxjS8%2FALi%2FwHhyo8fpTssYTtth1c9HpLseEzqD6Up45OkbcJoAteXW0djB4BAFeww2tBWj6BBitpdkgiQ%3D%3D","environmentVariables":{"FIREBASE_CONFIG":"{\"projectId\":\"pawth-moralis\",\"storageBucket\":\"pawth-moralis.appspot.com\"}","GCLOUD_PROJECT":"pawth-moralis","EVENTARC_CLOUD_EVENT_SOURCE":"projects/pawth-moralis/locations/us-central1/functions/broadcastBuys"},"runtime":"nodejs16","buildEnvironmentVariables":{"GOOGLE_NODE_RUN_SCRIPTS":""},"dockerRegistry":"ARTIFACT_REGISTRY"},"versionId":"1","updateTime":"2023-04-18T15:41:48Z","buildId":"e8ded840-2330-4e63-9a95-cd3fb72c0aed","buildName":"projects/780164683803/locations/us-central1/builds/e8ded840-2330-4e63-9a95-cd3fb72c0aed"}}
[debug] [2023-04-18T15:42:14.658Z] [create-default-us-central1-broadcastBuys] Retrying task index 0
[debug] [2023-04-18T15:42:14.658Z] >>> [apiv2][query] GET https://cloudfunctions.googleapis.com/v1/operations/cGF3dGgtbW9yYWxpcy91cy1jZW50cmFsMS9icm9hZGNhc3RCdXlzL25SaDg2WUVRN09B [none]
[debug] [2023-04-18T15:42:14.822Z] <<< [apiv2][status] GET https://cloudfunctions.googleapis.com/v1/operations/cGF3dGgtbW9yYWxpcy91cy1jZW50cmFsMS9icm9hZGNhc3RCdXlzL25SaDg2WUVRN09B 200
[debug] [2023-04-18T15:42:14.822Z] <<< [apiv2][body] GET https://cloudfunctions.googleapis.com/v1/operations/cGF3dGgtbW9yYWxpcy91cy1jZW50cmFsMS9icm9hZGNhc3RCdXlzL25SaDg2WUVRN09B {"name":"operations/cGF3dGgtbW9yYWxpcy91cy1jZW50cmFsMS9icm9hZGNhc3RCdXlzL25SaDg2WUVRN09B","metadata":{"@type":"type.googleapis.com/google.cloud.functions.v1.OperationMetadataV1","target":"projects/pawth-moralis/locations/us-central1/functions/broadcastBuys","type":"CREATE_FUNCTION","request":{"@type":"type.googleapis.com/google.cloud.functions.v1.CloudFunction","name":"projects/pawth-moralis/locations/us-central1/functions/broadcastBuys","eventTrigger":{"eventType":"providers/cloud.firestore/eventTypes/document.update","resource":"projects/pawth-moralis/databases/(default)/documents/moralis/events/TelegramBot/{docId}"},"entryPoint":"broadcastBuys","labels":{"deployment-tool":"cli-firebase","firebase-functions-hash":"2cb5113271450b7d2ac91ce352c7c9026e6b01e6"},"sourceUploadUrl":"https://storage.googleapis.com/uploads-178802432237.us-central1.cloudfunctions.appspot.com/7d067fc9-1042-46c9-9561-bc94faefee3c.zip?GoogleAccessId=service-780164683803@gcf-admin-robot.iam.gserviceaccount.com&Expires=1681834307&Signature=DL93VGaVXC%2FTWRyAF5p6qzDUrqDdFQe1UXCLaQwlgIif1s8TqpiWEVx5zkv84qfHTvJaNHc1HtL7zJCnaiUOshhDa9U7Dgvj1ywvixAH28%2FwZQVAnxszbKNpnSiQgsyi6qGpQZ95cJNFyerArHphNmGjOopfK8Pdal10PQGU8QQ6JLYwfMnkM%2Fd0qU5adO%2BLol0cGNvC%2BmKrFYJNgqLV%2B0XTS4%2BGIKuryIjUwpUGdbQD920KtWFvzelBfw2XG6O2fbcEaaxjS8%2FALi%2FwHhyo8fpTssYTtth1c9HpLseEzqD6Up45OkbcJoAteXW0djB4BAFeww2tBWj6BBitpdkgiQ%3D%3D","environmentVariables":{"FIREBASE_CONFIG":"{\"projectId\":\"pawth-moralis\",\"storageBucket\":\"pawth-moralis.appspot.com\"}","GCLOUD_PROJECT":"pawth-moralis","EVENTARC_CLOUD_EVENT_SOURCE":"projects/pawth-moralis/locations/us-central1/functions/broadcastBuys"},"runtime":"nodejs16","buildEnvironmentVariables":{"GOOGLE_NODE_RUN_SCRIPTS":""},"dockerRegistry":"ARTIFACT_REGISTRY"},"versionId":"1","updateTime":"2023-04-18T15:41:48Z","buildId":"e8ded840-2330-4e63-9a95-cd3fb72c0aed","buildName":"projects/780164683803/locations/us-central1/builds/e8ded840-2330-4e63-9a95-cd3fb72c0aed"}}
[debug] [2023-04-18T15:42:24.823Z] [create-default-us-central1-broadcastBuys] Retrying task index 0
[debug] [2023-04-18T15:42:24.824Z] >>> [apiv2][query] GET https://cloudfunctions.googleapis.com/v1/operations/cGF3dGgtbW9yYWxpcy91cy1jZW50cmFsMS9icm9hZGNhc3RCdXlzL25SaDg2WUVRN09B [none]
[debug] [2023-04-18T15:42:24.968Z] <<< [apiv2][status] GET https://cloudfunctions.googleapis.com/v1/operations/cGF3dGgtbW9yYWxpcy91cy1jZW50cmFsMS9icm9hZGNhc3RCdXlzL25SaDg2WUVRN09B 200
[debug] [2023-04-18T15:42:24.968Z] <<< [apiv2][body] GET https://cloudfunctions.googleapis.com/v1/operations/cGF3dGgtbW9yYWxpcy91cy1jZW50cmFsMS9icm9hZGNhc3RCdXlzL25SaDg2WUVRN09B {"name":"operations/cGF3dGgtbW9yYWxpcy91cy1jZW50cmFsMS9icm9hZGNhc3RCdXlzL25SaDg2WUVRN09B","metadata":{"@type":"type.googleapis.com/google.cloud.functions.v1.OperationMetadataV1","target":"projects/pawth-moralis/locations/us-central1/functions/broadcastBuys","type":"CREATE_FUNCTION","request":{"@type":"type.googleapis.com/google.cloud.functions.v1.CloudFunction","name":"projects/pawth-moralis/locations/us-central1/functions/broadcastBuys","eventTrigger":{"eventType":"providers/cloud.firestore/eventTypes/document.update","resource":"projects/pawth-moralis/databases/(default)/documents/moralis/events/TelegramBot/{docId}"},"entryPoint":"broadcastBuys","labels":{"deployment-tool":"cli-firebase","firebase-functions-hash":"2cb5113271450b7d2ac91ce352c7c9026e6b01e6"},"sourceUploadUrl":"https://storage.googleapis.com/uploads-178802432237.us-central1.cloudfunctions.appspot.com/7d067fc9-1042-46c9-9561-bc94faefee3c.zip?GoogleAccessId=service-780164683803@gcf-admin-robot.iam.gserviceaccount.com&Expires=1681834307&Signature=DL93VGaVXC%2FTWRyAF5p6qzDUrqDdFQe1UXCLaQwlgIif1s8TqpiWEVx5zkv84qfHTvJaNHc1HtL7zJCnaiUOshhDa9U7Dgvj1ywvixAH28%2FwZQVAnxszbKNpnSiQgsyi6qGpQZ95cJNFyerArHphNmGjOopfK8Pdal10PQGU8QQ6JLYwfMnkM%2Fd0qU5adO%2BLol0cGNvC%2BmKrFYJNgqLV%2B0XTS4%2BGIKuryIjUwpUGdbQD920KtWFvzelBfw2XG6O2fbcEaaxjS8%2FALi%2FwHhyo8fpTssYTtth1c9HpLseEzqD6Up45OkbcJoAteXW0djB4BAFeww2tBWj6BBitpdkgiQ%3D%3D","environmentVariables":{"FIREBASE_CONFIG":"{\"projectId\":\"pawth-moralis\",\"storageBucket\":\"pawth-moralis.appspot.com\"}","GCLOUD_PROJECT":"pawth-moralis","EVENTARC_CLOUD_EVENT_SOURCE":"projects/pawth-moralis/locations/us-central1/functions/broadcastBuys"},"runtime":"nodejs16","buildEnvironmentVariables":{"GOOGLE_NODE_RUN_SCRIPTS":""},"dockerRegistry":"ARTIFACT_REGISTRY"},"versionId":"1","updateTime":"2023-04-18T15:42:16Z","buildId":"e8ded840-2330-4e63-9a95-cd3fb72c0aed","buildName":"projects/780164683803/locations/us-central1/builds/e8ded840-2330-4e63-9a95-cd3fb72c0aed"},"done":true,"error":{"code":3,"message":"Build failed: ...ock file\nnpm ERR! Missing: camelcase@6.3.0 from lock file\nnpm ERR! Missing: leven@3.1.0 from lock file\nnpm ERR! Missing: supports-color@8.1.1 from lock file\nnpm ERR! Missing: semver@6.3.0 from lock file\nnpm ERR! Missing: mimic-fn@2.1.0 from lock file\nnpm ERR! Missing: error-ex@1.3.2 from lock file\nnpm ERR! Missing: json-parse-even-better-errors@2.3.1 from lock file\nnpm ERR! Missing: lines-and-columns@1.2.4 from lock file\nnpm ERR! Missing: is-arrayish@0.2.1 from lock file\nnpm ERR! Missing: find-up@4.1.0 from lock file\nnpm ERR! Missing: ansi-styles@5.2.0 from lock file\nnpm ERR! Missing: react-is@18.2.0 from lock file\nnpm ERR! Missing: kleur@3.0.3 from lock file\nnpm ERR! Missing: sisteransi@1.0.5 from lock file\nnpm ERR! Missing: resolve-from@5.0.0 from lock file\nnpm ERR! Missing: buffer-from@1.1.2 from lock file\nnpm ERR! Missing: escape-string-regexp@2.0.0 from lock file\nnpm ERR! Missing: char-regex@1.0.2 from lock file\nnpm ERR! Missing: glob@7.2.3 from lock file\nnpm ERR! Missing: picocolors@1.0.0 from lock file\nnpm ERR! Missing: convert-source-map@1.9.0 from lock file\nnpm ERR! Missing: makeerror@1.0.12 from lock file\nnpm ERR! Missing: tmpl@1.0.5 from lock file\nnpm ERR! Missing: yallist@3.1.1 from lock file\nnpm ERR! Missing: ansi-styles@3.2.1 from lock file\nnpm ERR! Missing: escape-string-regexp@1.0.5 from lock file\nnpm ERR! Missing: supports-color@5.5.0 from lock file\nnpm ERR! Missing: color-convert@1.9.3 from lock file\nnpm ERR! Missing: color-name@1.1.3 from lock file\nnpm ERR! Missing: has-flag@3.0.0 from lock file\nnpm ERR! Missing: locate-path@5.0.0 from lock file\nnpm ERR! Missing: argparse@1.0.10 from lock file\nnpm ERR! Missing: sprintf-js@1.0.3 from lock file\nnpm ERR! Missing: p-locate@4.1.0 from lock file\nnpm ERR! Missing: p-limit@2.3.0 from lock file\nnpm ERR! Missing: p-try@2.2.0 from lock file\nnpm ERR! Missing: cliui@8.0.1 from lock file\nnpm ERR! Missing: yargs-parser@21.1.1 from lock file\nnpm ERR! Missing: locate-path@5.0.0 from lock file\nnpm ERR! Missing: p-locate@4.1.0 from lock file\nnpm ERR! Missing: p-limit@2.3.0 from lock file\nnpm ERR! \nnpm ERR! Clean install a project\nnpm ERR! \nnpm ERR! Usage:\nnpm ERR! npm ci\nnpm ERR! \nnpm ERR! Options:\nnpm ERR! [-S|--save|--no-save|--save-prod|--save-dev|--save-optional|--save-peer|--save-bundle]\nnpm ERR! [-E|--save-exact] [-g|--global] [--global-style] [--legacy-bundling]\nnpm ERR! [--omit <dev|optional|peer> [--omit <dev|optional|peer> ...]]\nnpm ERR! [--strict-peer-deps] [--no-package-lock] [--foreground-scripts]\nnpm ERR! [--ignore-scripts] [--no-audit] [--no-bin-links] [--no-fund] [--dry-run]\nnpm ERR! [-w|--workspace <workspace-name> [-w|--workspace <workspace-name> ...]]\nnpm ERR! [-ws|--workspaces] [--include-workspace-root] [--install-links]\nnpm ERR! \nnpm ERR! aliases: clean-install, ic, install-clean, isntall-clean\nnpm ERR! \nnpm ERR! Run \"npm help ci\" for more info\n\nnpm ERR! A complete log of this run can be found in:\nnpm ERR!     /www-data-home/.npm/_logs/2023-04-18T15_42_06_824Z-debug-0.log; Error ID: beaf8772"}}
[debug] [2023-04-18T15:42:24.968Z] Got source token undefined for region us-central1
[error] Build failed: ...ock file
npm ERR! Missing: camelcase@6.3.0 from lock file
npm ERR! Missing: leven@3.1.0 from lock file
npm ERR! Missing: supports-color@8.1.1 from lock file
npm ERR! Missing: semver@6.3.0 from lock file
npm ERR! Missing: mimic-fn@2.1.0 from lock file
npm ERR! Missing: error-ex@1.3.2 from lock file
npm ERR! Missing: json-parse-even-better-errors@2.3.1 from lock file
npm ERR! Missing: lines-and-columns@1.2.4 from lock file
npm ERR! Missing: is-arrayish@0.2.1 from lock file
npm ERR! Missing: find-up@4.1.0 from lock file
npm ERR! Missing: ansi-styles@5.2.0 from lock file
npm ERR! Missing: react-is@18.2.0 from lock file
npm ERR! Missing: kleur@3.0.3 from lock file
npm ERR! Missing: sisteransi@1.0.5 from lock file
npm ERR! Missing: resolve-from@5.0.0 from lock file
npm ERR! Missing: buffer-from@1.1.2 from lock file
npm ERR! Missing: escape-string-regexp@2.0.0 from lock file
npm ERR! Missing: char-regex@1.0.2 from lock file
npm ERR! Missing: glob@7.2.3 from lock file
npm ERR! Missing: picocolors@1.0.0 from lock file
npm ERR! Missing: convert-source-map@1.9.0 from lock file
npm ERR! Missing: makeerror@1.0.12 from lock file
npm ERR! Missing: tmpl@1.0.5 from lock file
npm ERR! Missing: yallist@3.1.1 from lock file
npm ERR! Missing: ansi-styles@3.2.1 from lock file
npm ERR! Missing: escape-string-regexp@1.0.5 from lock file
npm ERR! Missing: supports-color@5.5.0 from lock file
npm ERR! Missing: color-convert@1.9.3 from lock file
npm ERR! Missing: color-name@1.1.3 from lock file
npm ERR! Missing: has-flag@3.0.0 from lock file
npm ERR! Missing: locate-path@5.0.0 from lock file
npm ERR! Missing: argparse@1.0.10 from lock file
npm ERR! Missing: sprintf-js@1.0.3 from lock file
npm ERR! Missing: p-locate@4.1.0 from lock file
npm ERR! Missing: p-limit@2.3.0 from lock file
npm ERR! Missing: p-try@2.2.0 from lock file
npm ERR! Missing: cliui@8.0.1 from lock file
npm ERR! Missing: yargs-parser@21.1.1 from lock file
npm ERR! Missing: locate-path@5.0.0 from lock file
npm ERR! Missing: p-locate@4.1.0 from lock file
npm ERR! Missing: p-limit@2.3.0 from lock file
npm ERR! 
npm ERR! Clean install a project
npm ERR! 
npm ERR! Usage:
npm ERR! npm ci
npm ERR! 
npm ERR! Options:
npm ERR! [-S|--save|--no-save|--save-prod|--save-dev|--save-optional|--save-peer|--save-bundle]
npm ERR! [-E|--save-exact] [-g|--global] [--global-style] [--legacy-bundling]
npm ERR! [--omit <dev|optional|peer> [--omit <dev|optional|peer> ...]]
npm ERR! [--strict-peer-deps] [--no-package-lock] [--foreground-scripts]
npm ERR! [--ignore-scripts] [--no-audit] [--no-bin-links] [--no-fund] [--dry-run]
npm ERR! [-w|--workspace <workspace-name> [-w|--workspace <workspace-name> ...]]
npm ERR! [-ws|--workspaces] [--include-workspace-root] [--install-links]
npm ERR! 
npm ERR! aliases: clean-install, ic, install-clean, isntall-clean
npm ERR! 
npm ERR! Run "npm help ci" for more info

npm ERR! A complete log of this run can be found in:
npm ERR!     /www-data-home/.npm/_logs/2023-04-18T15_42_06_824Z-debug-0.log; Error ID: beaf8772
[debug] [2023-04-18T15:42:24.977Z] Total Function Deployment time: 37445
[debug] [2023-04-18T15:42:24.977Z] 1 Functions Deployed
[debug] [2023-04-18T15:42:24.977Z] 1 Functions Errored
[debug] [2023-04-18T15:42:24.977Z] 0 Function Deployments Aborted
[debug] [2023-04-18T15:42:24.977Z] Average Function Deployment time: 37444
[info] 
[info] Functions deploy had errors with the following functions:
	broadcastBuys(us-central1)
[info] i  functions: cleaning up build files... 
[debug] [2023-04-18T15:42:25.072Z] >>> [apiv2][query] DELETE https://artifactregistry.googleapis.com/v1beta2/projects/pawth-moralis/locations/us-central1/repositories/gcf-artifacts/packages/broadcast_buys [none]
[debug] [2023-04-18T15:42:25.073Z] >>> [apiv2][query] GET https://us.gcr.io/v2/pawth-moralis/gcf/us-central1/tags/list [none]
[debug] [2023-04-18T15:42:25.329Z] <<< [apiv2][status] DELETE https://artifactregistry.googleapis.com/v1beta2/projects/pawth-moralis/locations/us-central1/repositories/gcf-artifacts/packages/broadcast_buys 404
[debug] [2023-04-18T15:42:25.329Z] <<< [apiv2][body] DELETE https://artifactregistry.googleapis.com/v1beta2/projects/pawth-moralis/locations/us-central1/repositories/gcf-artifacts/packages/broadcast_buys {"error":{"code":404,"message":"Package \"projects/pawth-moralis/locations/us-central1/repositories/gcf-artifacts/packages/broadcast_buys\" was not found.","status":"NOT_FOUND"}}
[debug] [2023-04-18T15:42:25.406Z] <<< [apiv2][status] GET https://us.gcr.io/v2/pawth-moralis/gcf/us-central1/tags/list 200
[debug] [2023-04-18T15:42:25.406Z] <<< [apiv2][body] GET https://us.gcr.io/v2/pawth-moralis/gcf/us-central1/tags/list {"child":[],"manifest":{},"name":"pawth-moralis/gcf/us-central1","tags":[]}
[debug] [2023-04-18T15:42:25.406Z] Could not find image for function projects/pawth-moralis/locations/us-central1/functions/broadcastBuys
[debug] [2023-04-18T15:42:25.406Z] Functions deploy failed.
[debug] [2023-04-18T15:42:25.406Z] {
  "endpoint": {
    "id": "broadcastBuys",
    "project": "pawth-moralis",
    "region": "us-central1",
    "entryPoint": "broadcastBuys",
    "platform": "gcfv1",
    "runtime": "nodejs16",
    "eventTrigger": {
      "eventType": "providers/cloud.firestore/eventTypes/document.update",
      "retry": false,
      "eventFilters": {
        "resource": "projects/pawth-moralis/databases/(default)/documents/moralis/events/TelegramBot/{docId}"
      }
    },
    "labels": {
      "deployment-tool": "cli-firebase"
    },
    "serviceAccount": null,
    "ingressSettings": null,
    "availableMemoryMb": null,
    "timeoutSeconds": null,
    "maxInstances": null,
    "minInstances": null,
    "vpc": null,
    "environmentVariables": {
      "FIREBASE_CONFIG": "{\"projectId\":\"pawth-moralis\",\"storageBucket\":\"pawth-moralis.appspot.com\"}",
      "GCLOUD_PROJECT": "pawth-moralis",
      "EVENTARC_CLOUD_EVENT_SOURCE": "projects/pawth-moralis/locations/us-central1/functions/broadcastBuys"
    },
    "codebase": "default",
    "targetedByOnly": false,
    "hash": "2cb5113271450b7d2ac91ce352c7c9026e6b01e6"
  },
  "op": "create",
  "original": {
    "name": "FirebaseError",
    "children": [],
    "exit": 1,
    "message": "Build failed: ...ock file\nnpm ERR! Missing: camelcase@6.3.0 from lock file\nnpm ERR! Missing: leven@3.1.0 from lock file\nnpm ERR! Missing: supports-color@8.1.1 from lock file\nnpm ERR! Missing: semver@6.3.0 from lock file\nnpm ERR! Missing: mimic-fn@2.1.0 from lock file\nnpm ERR! Missing: error-ex@1.3.2 from lock file\nnpm ERR! Missing: json-parse-even-better-errors@2.3.1 from lock file\nnpm ERR! Missing: lines-and-columns@1.2.4 from lock file\nnpm ERR! Missing: is-arrayish@0.2.1 from lock file\nnpm ERR! Missing: find-up@4.1.0 from lock file\nnpm ERR! Missing: ansi-styles@5.2.0 from lock file\nnpm ERR! Missing: react-is@18.2.0 from lock file\nnpm ERR! Missing: kleur@3.0.3 from lock file\nnpm ERR! Missing: sisteransi@1.0.5 from lock file\nnpm ERR! Missing: resolve-from@5.0.0 from lock file\nnpm ERR! Missing: buffer-from@1.1.2 from lock file\nnpm ERR! Missing: escape-string-regexp@2.0.0 from lock file\nnpm ERR! Missing: char-regex@1.0.2 from lock file\nnpm ERR! Missing: glob@7.2.3 from lock file\nnpm ERR! Missing: picocolors@1.0.0 from lock file\nnpm ERR! Missing: convert-source-map@1.9.0 from lock file\nnpm ERR! Missing: makeerror@1.0.12 from lock file\nnpm ERR! Missing: tmpl@1.0.5 from lock file\nnpm ERR! Missing: yallist@3.1.1 from lock file\nnpm ERR! Missing: ansi-styles@3.2.1 from lock file\nnpm ERR! Missing: escape-string-regexp@1.0.5 from lock file\nnpm ERR! Missing: supports-color@5.5.0 from lock file\nnpm ERR! Missing: color-convert@1.9.3 from lock file\nnpm ERR! Missing: color-name@1.1.3 from lock file\nnpm ERR! Missing: has-flag@3.0.0 from lock file\nnpm ERR! Missing: locate-path@5.0.0 from lock file\nnpm ERR! Missing: argparse@1.0.10 from lock file\nnpm ERR! Missing: sprintf-js@1.0.3 from lock file\nnpm ERR! Missing: p-locate@4.1.0 from lock file\nnpm ERR! Missing: p-limit@2.3.0 from lock file\nnpm ERR! Missing: p-try@2.2.0 from lock file\nnpm ERR! Missing: cliui@8.0.1 from lock file\nnpm ERR! Missing: yargs-parser@21.1.1 from lock file\nnpm ERR! Missing: locate-path@5.0.0 from lock file\nnpm ERR! Missing: p-locate@4.1.0 from lock file\nnpm ERR! Missing: p-limit@2.3.0 from lock file\nnpm ERR! \nnpm ERR! Clean install a project\nnpm ERR! \nnpm ERR! Usage:\nnpm ERR! npm ci\nnpm ERR! \nnpm ERR! Options:\nnpm ERR! [-S|--save|--no-save|--save-prod|--save-dev|--save-optional|--save-peer|--save-bundle]\nnpm ERR! [-E|--save-exact] [-g|--global] [--global-style] [--legacy-bundling]\nnpm ERR! [--omit <dev|optional|peer> [--omit <dev|optional|peer> ...]]\nnpm ERR! [--strict-peer-deps] [--no-package-lock] [--foreground-scripts]\nnpm ERR! [--ignore-scripts] [--no-audit] [--no-bin-links] [--no-fund] [--dry-run]\nnpm ERR! [-w|--workspace <workspace-name> [-w|--workspace <workspace-name> ...]]\nnpm ERR! [-ws|--workspaces] [--include-workspace-root] [--install-links]\nnpm ERR! \nnpm ERR! aliases: clean-install, ic, install-clean, isntall-clean\nnpm ERR! \nnpm ERR! Run \"npm help ci\" for more info\n\nnpm ERR! A complete log of this run can be found in:\nnpm ERR!     /www-data-home/.npm/_logs/2023-04-18T15_42_06_824Z-debug-0.log; Error ID: beaf8772",
    "status": 3
  }
}
[debug] [2023-04-18T15:42:25.502Z] Error: Failed to create function broadcastBuys in region us-central1
    at /Users/msolomon/.nvm/versions/node/v18.8.0/lib/node_modules/firebase-tools/lib/deploy/functions/release/fabricator.js:48:11
    at process.processTicksAndRejections (node:internal/process/task_queues:95:5)
    at async Fabricator.createV1Function (/Users/msolomon/.nvm/versions/node/v18.8.0/lib/node_modules/firebase-tools/lib/deploy/functions/release/fabricator.js:177:32)
    at async Fabricator.createEndpoint (/Users/msolomon/.nvm/versions/node/v18.8.0/lib/node_modules/firebase-tools/lib/deploy/functions/release/fabricator.js:129:13)
    at async handle (/Users/msolomon/.nvm/versions/node/v18.8.0/lib/node_modules/firebase-tools/lib/deploy/functions/release/fabricator.js:85:17)
[error] 
[error] Error: There was an error deploying functions
